<?xml version="1.0" encoding="UTF-8"?>
<testng-results skipped="0" failed="0" total="2" passed="2">
  <reporter-output>
  </reporter-output>
  <suite name="All Test Suite" duration-ms="8898" started-at="2023-06-13T15:32:49Z" finished-at="2023-06-13T15:32:58Z">
    <groups>
    </groups>
    <test name="Test_2" duration-ms="8873" started-at="2023-06-13T15:32:49Z" finished-at="2023-06-13T15:32:58Z">
      <class name="tests.tests">
        <test-method status="PASS" signature="testcase1()[pri:0, instance:tests.tests@3f2a3a5]" name="testcase1" duration-ms="8852" started-at="2023-06-13T21:02:49Z" finished-at="2023-06-13T21:02:58Z">
          <reporter-output>
          </reporter-output>
        </test-method> <!-- testcase1 -->
      </class> <!-- tests.tests -->
    </test> <!-- Test_2 -->
    <test name="Test_1" duration-ms="8898" started-at="2023-06-13T15:32:49Z" finished-at="2023-06-13T15:32:58Z">
      <class name="tests.tests">
        <test-method status="PASS" signature="testcase()[pri:0, instance:tests.tests@79b4d0f]" name="testcase" duration-ms="8881" started-at="2023-06-13T21:02:49Z" finished-at="2023-06-13T21:02:58Z">
          <reporter-output>
          </reporter-output>
        </test-method> <!-- testcase -->
      </class> <!-- tests.tests -->
    </test> <!-- Test_1 -->
  </suite> <!-- All Test Suite -->
</testng-results>
